2020-07-10 08:34:29.353  INFO 1564 --- [restartedMain] com.sword.server.ServerApplication       : Starting ServerApplication on wkj with PID 1564 (E:\workspace\Git\ProjectOfSpringBoot\server\target\classes started by wukongjian in E:\workspace\Git\ProjectOfSpringBoot\server)
2020-07-10 08:34:29.356 DEBUG 1564 --- [restartedMain] com.sword.server.ServerApplication       : Running with Spring Boot v2.3.1.RELEASE, Spring v5.2.7.RELEASE
2020-07-10 08:34:29.357  INFO 1564 --- [restartedMain] com.sword.server.ServerApplication       : The following profiles are active: dev
2020-07-10 08:34:29.409  INFO 1564 --- [restartedMain] .e.DevToolsPropertyDefaultsPostProcessor : Devtools property defaults active! Set 'spring.devtools.add-properties' to 'false' to disable
2020-07-10 08:34:29.410  INFO 1564 --- [restartedMain] .e.DevToolsPropertyDefaultsPostProcessor : For additional web related logging consider setting the 'logging.level.web' property to 'DEBUG'
2020-07-10 08:34:30.663 ERROR 1564 --- [restartedMain] o.a.catalina.core.AprLifecycleListener   : An incompatible version [1.1.27] of the Apache Tomcat Native library is installed, while Tomcat requires version [1.2.14]
2020-07-10 08:34:30.789 ERROR 1564 --- [restartedMain] o.a.catalina.core.AprLifecycleListener   : An incompatible version [1.1.27] of the Apache Tomcat Native library is installed, while Tomcat requires version [1.2.14]
2020-07-10 08:34:30.948  INFO 1564 --- [restartedMain] o.s.b.w.embedded.tomcat.TomcatWebServer  : Tomcat initialized with port(s): 8080 (http)
2020-07-10 08:34:30.956 ERROR 1564 --- [restartedMain] o.a.catalina.core.AprLifecycleListener   : An incompatible version [1.1.27] of the Apache Tomcat Native library is installed, while Tomcat requires version [1.2.14]
2020-07-10 08:34:30.957  INFO 1564 --- [restartedMain] o.apache.catalina.core.StandardService   : Starting service [Tomcat]
2020-07-10 08:34:30.957  INFO 1564 --- [restartedMain] org.apache.catalina.core.StandardEngine  : Starting Servlet engine: [Apache Tomcat/9.0.36]
2020-07-10 08:34:31.067  INFO 1564 --- [restartedMain] o.a.c.c.C.[Tomcat].[localhost].[/demo]   : Initializing Spring embedded WebApplicationContext
2020-07-10 08:34:31.067  INFO 1564 --- [restartedMain] w.s.c.ServletWebServerApplicationContext : Root WebApplicationContext: initialization completed in 1657 ms
2020-07-10 08:34:32.731  INFO 1564 --- [restartedMain] pertySourcedRequestMappingHandlerMapping : Mapped URL path [/v2/api-docs] onto method [springfox.documentation.swagger2.web.Swagger2Controller#getDocumentation(String, HttpServletRequest)]
2020-07-10 08:34:32.807  INFO 1564 --- [restartedMain] o.s.s.concurrent.ThreadPoolTaskExecutor  : Initializing ExecutorService 'applicationTaskExecutor'
2020-07-10 08:34:32.845  INFO 1564 --- [restartedMain] o.s.b.d.a.OptionalLiveReloadServer       : LiveReload server is running on port 35729
2020-07-10 08:34:32.992  INFO 1564 --- [restartedMain] o.s.b.w.embedded.tomcat.TomcatWebServer  : Tomcat started on port(s): 8080 (http) with context path '/demo'
2020-07-10 08:34:32.993  INFO 1564 --- [restartedMain] d.s.w.p.DocumentationPluginsBootstrapper : Context refreshed
2020-07-10 08:34:33.005  INFO 1564 --- [restartedMain] d.s.w.p.DocumentationPluginsBootstrapper : Found 1 custom documentation plugin(s)
2020-07-10 08:34:33.042  INFO 1564 --- [restartedMain] s.d.s.w.s.ApiListingReferenceScanner     : Scanning for api listing references
2020-07-10 08:34:33.192  INFO 1564 --- [restartedMain] com.sword.server.ServerApplication       : Started ServerApplication in 4.349 seconds (JVM running for 5.984)
2020-07-10 08:34:51.016  INFO 1564 --- [http-nio-8080-exec-1] o.a.c.c.C.[Tomcat].[localhost].[/demo]   : Initializing Spring DispatcherServlet 'dispatcherServlet'
2020-07-10 08:34:51.016  INFO 1564 --- [http-nio-8080-exec-1] o.s.web.servlet.DispatcherServlet        : Initializing Servlet 'dispatcherServlet'
2020-07-10 08:34:51.026  INFO 1564 --- [http-nio-8080-exec-1] o.s.web.servlet.DispatcherServlet        : Completed initialization in 10 ms
2020-07-10 08:34:51.140  INFO 1564 --- [http-nio-8080-exec-1] com.zaxxer.hikari.HikariDataSource       : HikariPool-1 - Starting...
2020-07-10 08:34:51.271  INFO 1564 --- [http-nio-8080-exec-1] com.zaxxer.hikari.HikariDataSource       : HikariPool-1 - Start completed.
2020-07-10 08:34:51.279 DEBUG 1564 --- [http-nio-8080-exec-1] c.s.s.d.r.mapper.UserMapper.selectList   : ==>  Preparing: SELECT id,name,phone,proc_inst_id,deleted FROM user WHERE deleted='0' 
2020-07-10 08:34:51.310 DEBUG 1564 --- [http-nio-8080-exec-1] c.s.s.d.r.mapper.UserMapper.selectList   : ==> Parameters: 
2020-07-10 08:34:51.333 DEBUG 1564 --- [http-nio-8080-exec-1] c.s.s.d.r.mapper.UserMapper.selectList   : <==      Total: 3
2020-07-10 08:38:04.989 DEBUG 1564 --- [http-nio-8080-exec-4] c.s.s.d.r.mapper.UserMapper.selectList   : ==>  Preparing: SELECT id,name,phone,proc_inst_id,deleted FROM user WHERE deleted='0' 
2020-07-10 08:38:04.989 DEBUG 1564 --- [http-nio-8080-exec-4] c.s.s.d.r.mapper.UserMapper.selectList   : ==> Parameters: 
2020-07-10 08:38:05.001 DEBUG 1564 --- [http-nio-8080-exec-4] c.s.s.d.r.mapper.UserMapper.selectList   : <==      Total: 3
2020-07-10 08:38:12.202 DEBUG 1564 --- [http-nio-8080-exec-5] c.s.s.d.r.mapper.UserMapper.insert       : ==>  Preparing: INSERT INTO user ( name, phone, proc_inst_id ) VALUES ( ?, ?, ? ) 
2020-07-10 08:38:12.203 DEBUG 1564 --- [http-nio-8080-exec-5] c.s.s.d.r.mapper.UserMapper.insert       : ==> Parameters: 33(String), str33ing(String), 44(String)
2020-07-10 08:38:12.319 DEBUG 1564 --- [http-nio-8080-exec-5] c.s.s.d.r.mapper.UserMapper.insert       : <==    Updates: 1
2020-07-10 08:38:16.800  WARN 1564 --- [http-nio-8080-exec-6] i.s.m.p.AbstractSerializableParameter    : Illegal DefaultValue null for parameter type integer

java.lang.NumberFormatException: For input string: ""
	at java.lang.NumberFormatException.forInputString(NumberFormatException.java:65) ~[na:1.8.0_202]
	at java.lang.Long.parseLong(Long.java:601) ~[na:1.8.0_202]
	at java.lang.Long.valueOf(Long.java:803) ~[na:1.8.0_202]
	at io.swagger.models.parameters.AbstractSerializableParameter.getExample(AbstractSerializableParameter.java:412) ~[swagger-models-1.5.20.jar:1.5.20]
	at sun.reflect.NativeMethodAccessorImpl.invoke0(Native Method) ~[na:1.8.0_202]
	at sun.reflect.NativeMethodAccessorImpl.invoke(NativeMethodAccessorImpl.java:62) ~[na:1.8.0_202]
	at sun.reflect.DelegatingMethodAccessorImpl.invoke(DelegatingMethodAccessorImpl.java:43) ~[na:1.8.0_202]
	at java.lang.reflect.Method.invoke(Method.java:498) ~[na:1.8.0_202]
	at com.fasterxml.jackson.databind.ser.BeanPropertyWriter.serializeAsField(BeanPropertyWriter.java:689) [jackson-databind-2.11.0.jar:2.11.0]
	at com.fasterxml.jackson.databind.ser.std.BeanSerializerBase.serializeFields(BeanSerializerBase.java:723) [jackson-databind-2.11.0.jar:2.11.0]
	at com.fasterxml.jackson.databind.ser.BeanSerializer.serialize(BeanSerializer.java:166) [jackson-databind-2.11.0.jar:2.11.0]
	at com.fasterxml.jackson.databind.ser.impl.IndexedListSerializer.serializeContents(IndexedListSerializer.java:119) [jackson-databind-2.11.0.jar:2.11.0]
	at com.fasterxml.jackson.databind.ser.impl.IndexedListSerializer.serialize(IndexedListSerializer.java:79) [jackson-databind-2.11.0.jar:2.11.0]
	at com.fasterxml.jackson.databind.ser.impl.IndexedListSerializer.serialize(IndexedListSerializer.java:18) [jackson-databind-2.11.0.jar:2.11.0]
	at com.fasterxml.jackson.databind.ser.BeanPropertyWriter.serializeAsField(BeanPropertyWriter.java:728) [jackson-databind-2.11.0.jar:2.11.0]
	at com.fasterxml.jackson.databind.ser.std.BeanSerializerBase.serializeFields(BeanSerializerBase.java:723) [jackson-databind-2.11.0.jar:2.11.0]
	at com.fasterxml.jackson.databind.ser.BeanSerializer.serialize(BeanSerializer.java:166) [jackson-databind-2.11.0.jar:2.11.0]
	at com.fasterxml.jackson.databind.ser.BeanPropertyWriter.serializeAsField(BeanPropertyWriter.java:728) [jackson-databind-2.11.0.jar:2.11.0]
	at com.fasterxml.jackson.databind.ser.std.BeanSerializerBase.serializeFields(BeanSerializerBase.java:723) [jackson-databind-2.11.0.jar:2.11.0]
	at com.fasterxml.jackson.databind.ser.BeanSerializer.serialize(BeanSerializer.java:166) [jackson-databind-2.11.0.jar:2.11.0]
	at com.fasterxml.jackson.databind.ser.std.MapSerializer.serializeFields(MapSerializer.java:726) [jackson-databind-2.11.0.jar:2.11.0]
	at com.fasterxml.jackson.databind.ser.std.MapSerializer.serializeWithoutTypeInfo(MapSerializer.java:681) [jackson-databind-2.11.0.jar:2.11.0]
	at com.fasterxml.jackson.databind.ser.std.MapSerializer.serialize(MapSerializer.java:637) [jackson-databind-2.11.0.jar:2.11.0]
	at com.fasterxml.jackson.databind.ser.std.MapSerializer.serialize(MapSerializer.java:33) [jackson-databind-2.11.0.jar:2.11.0]
	at com.fasterxml.jackson.databind.ser.BeanPropertyWriter.serializeAsField(BeanPropertyWriter.java:728) [jackson-databind-2.11.0.jar:2.11.0]
	at com.fasterxml.jackson.databind.ser.std.BeanSerializerBase.serializeFields(BeanSerializerBase.java:723) [jackson-databind-2.11.0.jar:2.11.0]
	at com.fasterxml.jackson.databind.ser.BeanSerializer.serialize(BeanSerializer.java:166) [jackson-databind-2.11.0.jar:2.11.0]
	at com.fasterxml.jackson.databind.ser.DefaultSerializerProvider._serialize(DefaultSerializerProvider.java:480) [jackson-databind-2.11.0.jar:2.11.0]
	at com.fasterxml.jackson.databind.ser.DefaultSerializerProvider.serializeValue(DefaultSerializerProvider.java:319) [jackson-databind-2.11.0.jar:2.11.0]
	at com.fasterxml.jackson.databind.ObjectMapper._configAndWriteValue(ObjectMapper.java:4374) [jackson-databind-2.11.0.jar:2.11.0]
	at com.fasterxml.jackson.databind.ObjectMapper.writeValueAsString(ObjectMapper.java:3629) [jackson-databind-2.11.0.jar:2.11.0]
	at springfox.documentation.spring.web.json.JsonSerializer.toJson(JsonSerializer.java:38) [springfox-spring-web-2.9.2.jar:null]
	at springfox.documentation.swagger2.web.Swagger2Controller.getDocumentation(Swagger2Controller.java:105) [springfox-swagger2-2.9.2.jar:null]
	at sun.reflect.NativeMethodAccessorImpl.invoke0(Native Method) ~[na:1.8.0_202]
	at sun.reflect.NativeMethodAccessorImpl.invoke(NativeMethodAccessorImpl.java:62) ~[na:1.8.0_202]
	at sun.reflect.DelegatingMethodAccessorImpl.invoke(DelegatingMethodAccessorImpl.java:43) ~[na:1.8.0_202]
	at java.lang.reflect.Method.invoke(Method.java:498) ~[na:1.8.0_202]
	at org.springframework.web.method.support.InvocableHandlerMethod.doInvoke(InvocableHandlerMethod.java:190) [spring-web-5.2.7.RELEASE.jar:5.2.7.RELEASE]
	at org.springframework.web.method.support.InvocableHandlerMethod.invokeForRequest(InvocableHandlerMethod.java:138) [spring-web-5.2.7.RELEASE.jar:5.2.7.RELEASE]
	at org.springframework.web.servlet.mvc.method.annotation.ServletInvocableHandlerMethod.invokeAndHandle(ServletInvocableHandlerMethod.java:105) [spring-webmvc-5.2.7.RELEASE.jar:5.2.7.RELEASE]
	at org.springframework.web.servlet.mvc.method.annotation.RequestMappingHandlerAdapter.invokeHandlerMethod(RequestMappingHandlerAdapter.java:879) [spring-webmvc-5.2.7.RELEASE.jar:5.2.7.RELEASE]
	at org.springframework.web.servlet.mvc.method.annotation.RequestMappingHandlerAdapter.handleInternal(RequestMappingHandlerAdapter.java:793) [spring-webmvc-5.2.7.RELEASE.jar:5.2.7.RELEASE]
	at org.springframework.web.servlet.mvc.method.AbstractHandlerMethodAdapter.handle(AbstractHandlerMethodAdapter.java:87) [spring-webmvc-5.2.7.RELEASE.jar:5.2.7.RELEASE]
	at org.springframework.web.servlet.DispatcherServlet.doDispatch(DispatcherServlet.java:1040) [spring-webmvc-5.2.7.RELEASE.jar:5.2.7.RELEASE]
	at org.springframework.web.servlet.DispatcherServlet.doService(DispatcherServlet.java:943) [spring-webmvc-5.2.7.RELEASE.jar:5.2.7.RELEASE]
	at org.springframework.web.servlet.FrameworkServlet.processRequest(FrameworkServlet.java:1006) [spring-webmvc-5.2.7.RELEASE.jar:5.2.7.RELEASE]
	at org.springframework.web.servlet.FrameworkServlet.doGet(FrameworkServlet.java:898) [spring-webmvc-5.2.7.RELEASE.jar:5.2.7.RELEASE]
	at javax.servlet.http.HttpServlet.service(HttpServlet.java:634) [tomcat-embed-core-9.0.36.jar:9.0.36]
	at org.springframework.web.servlet.FrameworkServlet.service(FrameworkServlet.java:883) [spring-webmvc-5.2.7.RELEASE.jar:5.2.7.RELEASE]
	at javax.servlet.http.HttpServlet.service(HttpServlet.java:741) [tomcat-embed-core-9.0.36.jar:9.0.36]
	at org.apache.catalina.core.ApplicationFilterChain.internalDoFilter(ApplicationFilterChain.java:231) [tomcat-embed-core-9.0.36.jar:9.0.36]
	at org.apache.catalina.core.ApplicationFilterChain.doFilter(ApplicationFilterChain.java:166) [tomcat-embed-core-9.0.36.jar:9.0.36]
	at org.apache.tomcat.websocket.server.WsFilter.doFilter(WsFilter.java:53) [tomcat-embed-websocket-9.0.36.jar:9.0.36]
	at org.apache.catalina.core.ApplicationFilterChain.internalDoFilter(ApplicationFilterChain.java:193) [tomcat-embed-core-9.0.36.jar:9.0.36]
	at org.apache.catalina.core.ApplicationFilterChain.doFilter(ApplicationFilterChain.java:166) [tomcat-embed-core-9.0.36.jar:9.0.36]
	at org.springframework.web.filter.RequestContextFilter.doFilterInternal(RequestContextFilter.java:100) [spring-web-5.2.7.RELEASE.jar:5.2.7.RELEASE]
	at org.springframework.web.filter.OncePerRequestFilter.doFilter(OncePerRequestFilter.java:119) [spring-web-5.2.7.RELEASE.jar:5.2.7.RELEASE]
	at org.apache.catalina.core.ApplicationFilterChain.internalDoFilter(ApplicationFilterChain.java:193) [tomcat-embed-core-9.0.36.jar:9.0.36]
	at org.apache.catalina.core.ApplicationFilterChain.doFilter(ApplicationFilterChain.java:166) [tomcat-embed-core-9.0.36.jar:9.0.36]
	at org.springframework.web.filter.FormContentFilter.doFilterInternal(FormContentFilter.java:93) [spring-web-5.2.7.RELEASE.jar:5.2.7.RELEASE]
	at org.springframework.web.filter.OncePerRequestFilter.doFilter(OncePerRequestFilter.java:119) [spring-web-5.2.7.RELEASE.jar:5.2.7.RELEASE]
	at org.apache.catalina.core.ApplicationFilterChain.internalDoFilter(ApplicationFilterChain.java:193) [tomcat-embed-core-9.0.36.jar:9.0.36]
	at org.apache.catalina.core.ApplicationFilterChain.doFilter(ApplicationFilterChain.java:166) [tomcat-embed-core-9.0.36.jar:9.0.36]
	at org.springframework.web.filter.CharacterEncodingFilter.doFilterInternal(CharacterEncodingFilter.java:201) [spring-web-5.2.7.RELEASE.jar:5.2.7.RELEASE]
	at org.springframework.web.filter.OncePerRequestFilter.doFilter(OncePerRequestFilter.java:119) [spring-web-5.2.7.RELEASE.jar:5.2.7.RELEASE]
	at org.apache.catalina.core.ApplicationFilterChain.internalDoFilter(ApplicationFilterChain.java:193) [tomcat-embed-core-9.0.36.jar:9.0.36]
	at org.apache.catalina.core.ApplicationFilterChain.doFilter(ApplicationFilterChain.java:166) [tomcat-embed-core-9.0.36.jar:9.0.36]
	at org.apache.catalina.core.StandardWrapperValve.invoke(StandardWrapperValve.java:202) [tomcat-embed-core-9.0.36.jar:9.0.36]
	at org.apache.catalina.core.StandardContextValve.invoke(StandardContextValve.java:96) [tomcat-embed-core-9.0.36.jar:9.0.36]
	at org.apache.catalina.authenticator.AuthenticatorBase.invoke(AuthenticatorBase.java:541) [tomcat-embed-core-9.0.36.jar:9.0.36]
	at org.apache.catalina.core.StandardHostValve.invoke(StandardHostValve.java:139) [tomcat-embed-core-9.0.36.jar:9.0.36]
	at org.apache.catalina.valves.ErrorReportValve.invoke(ErrorReportValve.java:92) [tomcat-embed-core-9.0.36.jar:9.0.36]
	at org.apache.catalina.core.StandardEngineValve.invoke(StandardEngineValve.java:74) [tomcat-embed-core-9.0.36.jar:9.0.36]
	at org.apache.catalina.connector.CoyoteAdapter.service(CoyoteAdapter.java:343) [tomcat-embed-core-9.0.36.jar:9.0.36]
	at org.apache.coyote.http11.Http11Processor.service(Http11Processor.java:373) [tomcat-embed-core-9.0.36.jar:9.0.36]
	at org.apache.coyote.AbstractProcessorLight.process(AbstractProcessorLight.java:65) [tomcat-embed-core-9.0.36.jar:9.0.36]
	at org.apache.coyote.AbstractProtocol$ConnectionHandler.process(AbstractProtocol.java:868) [tomcat-embed-core-9.0.36.jar:9.0.36]
	at org.apache.tomcat.util.net.NioEndpoint$SocketProcessor.doRun(NioEndpoint.java:1590) [tomcat-embed-core-9.0.36.jar:9.0.36]
	at org.apache.tomcat.util.net.SocketProcessorBase.run(SocketProcessorBase.java:49) [tomcat-embed-core-9.0.36.jar:9.0.36]
	at java.util.concurrent.ThreadPoolExecutor.runWorker(ThreadPoolExecutor.java:1149) [na:1.8.0_202]
	at java.util.concurrent.ThreadPoolExecutor$Worker.run(ThreadPoolExecutor.java:624) [na:1.8.0_202]
	at org.apache.tomcat.util.threads.TaskThread$WrappingRunnable.run(TaskThread.java:61) [tomcat-embed-core-9.0.36.jar:9.0.36]
	at java.lang.Thread.run(Thread.java:748) [na:1.8.0_202]

2020-07-10 08:38:33.622  INFO 1564 --- [SpringContextShutdownHook] o.s.s.concurrent.ThreadPoolTaskExecutor  : Shutting down ExecutorService 'applicationTaskExecutor'
2020-07-10 08:38:33.623  INFO 1564 --- [SpringContextShutdownHook] com.zaxxer.hikari.HikariDataSource       : HikariPool-1 - Shutdown initiated...
2020-07-10 08:38:33.633  INFO 1564 --- [SpringContextShutdownHook] com.zaxxer.hikari.HikariDataSource       : HikariPool-1 - Shutdown completed.
2020-07-10 08:38:37.752  INFO 2784 --- [restartedMain] com.sword.server.ServerApplication       : Starting ServerApplication on wkj with PID 2784 (E:\workspace\Git\ProjectOfSpringBoot\server\target\classes started by wukongjian in E:\workspace\Git\ProjectOfSpringBoot\server)
2020-07-10 08:38:37.756 DEBUG 2784 --- [restartedMain] com.sword.server.ServerApplication       : Running with Spring Boot v2.3.1.RELEASE, Spring v5.2.7.RELEASE
2020-07-10 08:38:37.757  INFO 2784 --- [restartedMain] com.sword.server.ServerApplication       : The following profiles are active: dev
2020-07-10 08:38:37.816  INFO 2784 --- [restartedMain] .e.DevToolsPropertyDefaultsPostProcessor : Devtools property defaults active! Set 'spring.devtools.add-properties' to 'false' to disable
2020-07-10 08:38:37.816  INFO 2784 --- [restartedMain] .e.DevToolsPropertyDefaultsPostProcessor : For additional web related logging consider setting the 'logging.level.web' property to 'DEBUG'
2020-07-10 08:38:39.021 ERROR 2784 --- [restartedMain] o.a.catalina.core.AprLifecycleListener   : An incompatible version [1.1.27] of the Apache Tomcat Native library is installed, while Tomcat requires version [1.2.14]
2020-07-10 08:38:39.147 ERROR 2784 --- [restartedMain] o.a.catalina.core.AprLifecycleListener   : An incompatible version [1.1.27] of the Apache Tomcat Native library is installed, while Tomcat requires version [1.2.14]
2020-07-10 08:38:39.305  INFO 2784 --- [restartedMain] o.s.b.w.embedded.tomcat.TomcatWebServer  : Tomcat initialized with port(s): 8080 (http)
2020-07-10 08:38:39.314 ERROR 2784 --- [restartedMain] o.a.catalina.core.AprLifecycleListener   : An incompatible version [1.1.27] of the Apache Tomcat Native library is installed, while Tomcat requires version [1.2.14]
2020-07-10 08:38:39.315  INFO 2784 --- [restartedMain] o.apache.catalina.core.StandardService   : Starting service [Tomcat]
2020-07-10 08:38:39.315  INFO 2784 --- [restartedMain] org.apache.catalina.core.StandardEngine  : Starting Servlet engine: [Apache Tomcat/9.0.36]
2020-07-10 08:38:39.422  INFO 2784 --- [restartedMain] o.a.c.c.C.[Tomcat].[localhost].[/demo]   : Initializing Spring embedded WebApplicationContext
2020-07-10 08:38:39.422  INFO 2784 --- [restartedMain] w.s.c.ServletWebServerApplicationContext : Root WebApplicationContext: initialization completed in 1606 ms
2020-07-10 08:38:41.133  INFO 2784 --- [restartedMain] pertySourcedRequestMappingHandlerMapping : Mapped URL path [/v2/api-docs] onto method [springfox.documentation.swagger2.web.Swagger2Controller#getDocumentation(String, HttpServletRequest)]
2020-07-10 08:38:41.210  INFO 2784 --- [restartedMain] o.s.s.concurrent.ThreadPoolTaskExecutor  : Initializing ExecutorService 'applicationTaskExecutor'
2020-07-10 08:38:41.250  INFO 2784 --- [restartedMain] o.s.b.d.a.OptionalLiveReloadServer       : LiveReload server is running on port 35729
2020-07-10 08:38:41.395  INFO 2784 --- [restartedMain] o.s.b.w.embedded.tomcat.TomcatWebServer  : Tomcat started on port(s): 8080 (http) with context path '/demo'
2020-07-10 08:38:41.396  INFO 2784 --- [restartedMain] d.s.w.p.DocumentationPluginsBootstrapper : Context refreshed
2020-07-10 08:38:41.408  INFO 2784 --- [restartedMain] d.s.w.p.DocumentationPluginsBootstrapper : Found 1 custom documentation plugin(s)
2020-07-10 08:38:41.445  INFO 2784 --- [restartedMain] s.d.s.w.s.ApiListingReferenceScanner     : Scanning for api listing references
2020-07-10 08:38:41.594  INFO 2784 --- [restartedMain] com.sword.server.ServerApplication       : Started ServerApplication in 4.445 seconds (JVM running for 6.182)
2020-07-10 08:38:48.804  INFO 2784 --- [http-nio-8080-exec-1] o.a.c.c.C.[Tomcat].[localhost].[/demo]   : Initializing Spring DispatcherServlet 'dispatcherServlet'
2020-07-10 08:38:48.804  INFO 2784 --- [http-nio-8080-exec-1] o.s.web.servlet.DispatcherServlet        : Initializing Servlet 'dispatcherServlet'
2020-07-10 08:38:48.813  INFO 2784 --- [http-nio-8080-exec-1] o.s.web.servlet.DispatcherServlet        : Completed initialization in 9 ms
2020-07-10 08:39:04.879  INFO 2784 --- [http-nio-8080-exec-8] com.zaxxer.hikari.HikariDataSource       : HikariPool-1 - Starting...
2020-07-10 08:39:05.024  INFO 2784 --- [http-nio-8080-exec-8] com.zaxxer.hikari.HikariDataSource       : HikariPool-1 - Start completed.
2020-07-10 08:39:05.030 DEBUG 2784 --- [http-nio-8080-exec-8] c.s.s.d.r.mapper.UserMapper.insert       : ==>  Preparing: INSERT INTO user ( name, phone, proc_inst_id ) VALUES ( ?, ?, ? ) 
2020-07-10 08:39:05.052 DEBUG 2784 --- [http-nio-8080-exec-8] c.s.s.d.r.mapper.UserMapper.insert       : ==> Parameters: string(String), string(String), string(String)
2020-07-10 08:39:05.155 DEBUG 2784 --- [http-nio-8080-exec-8] c.s.s.d.r.mapper.UserMapper.insert       : <==    Updates: 1
2020-07-10 08:39:18.277  INFO 2784 --- [SpringContextShutdownHook] o.s.s.concurrent.ThreadPoolTaskExecutor  : Shutting down ExecutorService 'applicationTaskExecutor'
2020-07-10 08:39:18.278  INFO 2784 --- [SpringContextShutdownHook] com.zaxxer.hikari.HikariDataSource       : HikariPool-1 - Shutdown initiated...
2020-07-10 08:39:18.288  INFO 2784 --- [SpringContextShutdownHook] com.zaxxer.hikari.HikariDataSource       : HikariPool-1 - Shutdown completed.
